[::1] [26-08-23 18:07] [tbsingh] - Project Initiated
[::1] [26-08-23 18:07] [tbsingh] - clientName was updated
[::1] [26-08-23 18:07] [tbsingh] - wimName, wimDesignation, wimEmail, wimPhone were updated
[::1] [26-08-23 18:07] [tbsingh] - tpvName, tpvAddress were updated
[::1] [26-08-23 18:08] [tbsingh] - Communication : newworld@gmail.com(Status checking)[Sub: What is the status of the product] - was added
[::1] [26-08-23 18:09] [tbsingh] - [08-23/TAR-001 | SK/TBS] test report is successfully uploaded
[::1] [26-08-23 18:10] [tbsingh] - [08-23/TAR-002 | Druba] test report is successfully uploaded
[::1] [26-08-23 18:11] [tbsingh] - Communication : skar@stqc.gov.in(Internship)[Sub: Regarding the internship] - was added
[::1] [26-08-23 18:12] [tbsingh] - AF_AFForm - document uploaded to the server
[::1] [26-08-23 18:12] [tbsingh] - CA_CerificateAudit - document uploaded to the server
[::1] [26-08-23 18:22] [tbsingh] - AF_AFForm_260823181204.pdf - document moved to archive
[::1] [26-08-23 18:22] [tbsingh] - CA_CerificateAudit_260823181233.pdf - document moved to archive
[::1] [26-08-23 18:22] [tbsingh] - AF_AFForm_260823181204.pdf - document permanently removed
[::1] [26-08-23 18:22] [tbsingh] - CA_CerificateAudit_260823181233.pdf - was restored from archive
[::1] [26-08-23 18:22] [tbsingh] - CA_Resume(SaiTarunMaryala)(6) - document uploaded to the server
[::1] [26-08-23 18:22] [tbsingh] - CA_Resume(SaiTarunMaryala)(6)_260823182242.pdf - document moved to archive
[::1] [26-08-23 18:22] [tbsingh] - CA_CerificateAudit_260823181233.pdf - document moved to archive
[::1] [26-08-23 18:22] [tbsingh] - null - was restored from archive
[::1] [26-08-23 18:22] [tbsingh] - CA_CerificateAudit_260823181233.pdf - document moved to archive
[::1] [26-08-23 18:23] [tbsingh] - CA_Resume(SaiTarunMaryala)(6)_260823182242.pdf - document moved to archive
[::1] [26-08-23 18:23] [tbsingh] - All the documents from PP/08-23/001 were permanently removed
[::1] [26-08-23 18:23] [tbsingh] - Communication : skar@stqc.gov.in(Internship)[Sub: Regarding the internship] - was removed
[::1] [26-08-23 18:23] [tbsingh] - Communication : newworld@gmail.com(Status checking)[Sub: What is the status of the product] - was removed
[::1] [26-08-23 18:23] [tbsingh] - [08-23/TAR-002 | Druba] - test report deleted successfully
[::1] [26-08-23 18:23] [tbsingh] - [08-23/TAR-001 | SK/TBS] - test report deleted successfully
[::1] [26-08-23 18:24] [tbsingh] - [08-23/TAR-001 | SK/TBS] test report is successfully uploaded
[::1] [26-08-23 18:24] [tbsingh] - certificate was updated
[::1] [26-08-23 18:24] [tbsingh] - Project Closed with certificate no.:ALJC
[::1] [26-08-23 18:29] [tbsingh] - certificate was updated
[::1] [26-08-23 18:29] [tbsingh] - Project Re-Initiated
[::1] [26-08-23 18:29] [tbsingh] - certificate was updated
[::1] [26-08-23 18:29] [tbsingh] - Project Closed with certificate no.:ALJC
[::1] [26-08-23 18:37] [tbsingh] - certificate was updated
[::1] [26-08-23 18:37] [tbsingh] - Project Re-Initiated
[::1] [26-08-23 18:38] [tbsingh] - certificate was updated
[::1] [26-08-23 18:38] [tbsingh] - Project Closed with certificate no.:AC
[::1] [26-08-23 18:39] [tbsingh] - priority was updated
[::1] [26-08-23 18:39] [tbsingh] - Project Closed with certificate no.:AC
[::1] [26-08-23 18:39] [tbsingh] - priority was updated
[::1] [26-08-23 18:39] [tbsingh] - Project Closed with certificate no.:AC
[::1] [26-08-23 18:40] [tbsingh] - priority was updated from list
[::1] [26-08-23 18:40] [tbsingh] - priority was updated
[::1] [26-08-23 18:40] [tbsingh] - Project Closed with certificate no.:AC
[::1] [26-08-23 18:41] [tbsingh] - priority was updated
[::1] [26-08-23 18:41] [tbsingh] - Project Closed with certificate no.:AC
[::1] [26-08-23 18:42] [tbsingh] - priority was updated from list
[::1] [26-08-23 18:42] [tbsingh] - priority was updated from list
[::1] [26-08-23 18:42] [tbsingh] - priority was updated
[::1] [26-08-23 18:42] [tbsingh] - Project Closed with certificate no.:AC
[::1] [26-08-23 23:26] [tbsingh] - priority was updated from list
[::1] [26-08-23 23:26] [tbsingh] - priority was updated
[::1] [26-08-23 23:26] [tbsingh] - Project Closed with certificate no.:AC
[::1] [26-08-23 23:45] [tbsingh] - priority was updated from list
[::1] [26-08-23 23:45] [tbsingh] - priority was updated from list
[::1] [26-08-23 23:45] [tbsingh] - priority was updated from list
[::1] [26-08-23 23:46] [tbsingh] - priority was updated from list
[::1] [26-08-23 23:46] [tbsingh] - priority was updated from list
[::1] [26-08-23 23:46] [tbsingh] - priority was updated from list
[::1] [26-08-23 23:47] [tbsingh] - priority was updated from list
